10:41:30.369 [main] INFO  testCases.TC001_BookShelves - ------Printing the product details-------
10:41:31.253 [main] INFO  testCases.TC001_BookShelves - ------Mouse hovering to the header Living-------
10:41:33.619 [main] INFO  testCases.TC001_BookShelves - ------Printing the menu list of seating&chairs-------
10:42:02.464 [main] INFO  testCases.TC001_BookShelves - ------Clicked the Giftcards-------
10:42:02.470 [main] INFO  testCases.TC001_BookShelves - ------Choosing Birthday/Anniversay-------
10:42:03.096 [main] INFO  testCases.TC001_BookShelves - ------Select the gift amount-------
10:42:03.824 [main] INFO  testCases.TC001_BookShelves - ------Filling the form Lucky person-------
10:42:04.602 [main] INFO  testCases.TC001_BookShelves - ------Clicking the confirm button-------
10:42:07.880 [main] INFO  testCases.TC001_BookShelves - ------Getting the error message-------
10:42:08.102 [main] INFO  testCases.TC001_BookShelves - ------Clearing the Form-------
10:42:08.457 [main] INFO  testCases.TC001_BookShelves - ------Enter the valid Email-------
10:42:09.083 [main] INFO  testCases.TC001_BookShelves - ------Clicking the confirm button-------
10:49:43.382 [main] INFO  testCases.TC001_BookShelves - ------Searched BookShelves-------
10:49:46.452 [main] INFO  testCases.TC001_BookShelves - ------Handled the popup-------
10:49:47.174 [main] INFO  testCases.TC001_BookShelves - ------Choosing product under ₹15,000-------
10:49:47.849 [main] INFO  testCases.TC001_BookShelves - ------Choosing the product category-------
10:49:48.364 [main] INFO  testCases.TC001_BookShelves - ------Clicking the Checkbox exclude out of stock-------
10:49:48.402 [main] INFO  testCases.TC001_BookShelves - ------Sorting the price from high to low-------
10:49:49.384 [main] INFO  testCases.TC001_BookShelves - ------Printing the product details-------
10:49:50.660 [main] INFO  testCases.TC001_BookShelves - ------Mouse hovering to the header Living-------
10:49:53.006 [main] INFO  testCases.TC001_BookShelves - ------Printing the menu list of seating&chairs-------
10:50:34.927 [main] INFO  testCases.TC001_BookShelves - ------Clicked the Giftcards-------
10:50:34.934 [main] INFO  testCases.TC001_BookShelves - ------Choosing Birthday/Anniversay-------
10:50:35.521 [main] INFO  testCases.TC001_BookShelves - ------Select the gift amount-------
10:50:36.132 [main] INFO  testCases.TC001_BookShelves - ------Filling the form Lucky person-------
10:50:37.056 [main] INFO  testCases.TC001_BookShelves - ------Clicking the confirm button-------
10:50:40.304 [main] INFO  testCases.TC001_BookShelves - ------Getting the error message-------
10:50:40.484 [main] INFO  testCases.TC001_BookShelves - ------Clearing the Form-------
10:50:40.800 [main] INFO  testCases.TC001_BookShelves - ------Enter the valid Email-------
10:50:41.406 [main] INFO  testCases.TC001_BookShelves - ------Clicking the confirm button-------
